20:27:30.323 [Test worker] FT-start / [AccountCashRepository is empty at start, Account cash is creating with amount = 10.0] 
20:27:30.323 [Test worker] FT-end / [1, name surname Email_sur@mail.ru, RUSRUB, 10.0] 
20:27:30.359 [Test worker] FT-start / [1, name surname Email_sur@mail.ru, RUSRUB, 10.0 diff by 20.0] 
20:27:30.359 [Test worker] FT-end / [1, name surname Email_sur@mail.ru, RUSRUB, 30.0] 
20:27:30.485 [Test worker] FT-start / [AccountCashRepository is empty at start, Account cash is creating with amount = 0.0] 
20:27:30.485 [Test worker] FT-end / [2, name surname Email_sur@mail.ru, RUSRUB, 0.0] 
20:27:30.542 [Test worker] FT-start / [AccountCashRepository is empty at start, Account cash is creating with amount = 0.0] 
20:27:30.543 [Test worker] FT-end / [3, name surname Email_sur@mail.ru, RUSRUB, 0.0] 
20:27:30.621 [Test worker] FT-start / [AccountCashRepository is empty at start, Account cash is creating with amount = 0.0] 
20:27:30.621 [Test worker] FT-end / [4, name surname Email_sur@mail.ru, RUSRUB, 0.0] 
20:27:30.724 [Test worker] FT-start / [AccountCashRepository is empty at start, Account cash is creating with amount = 0.0] 
20:27:30.724 [Test worker] FT-end / [5, name surname Email_sur@mail.ru, RUSRUB, 0.0] 
20:27:30.805 [Test worker] FT-start / [AccountCashRepository is empty at start, Account cash is creating with amount = 0.0] 
20:27:30.806 [Test worker] FT-end / [6, name surname Email_sur@mail.ru, RUSRUB, 0.0] 
20:27:30.897 [Test worker] FT-start / [AccountCashRepository is empty at start, Account cash is creating with amount = 0.0] 
20:27:30.897 [Test worker] FT-end / [7, name surname Email_sur@mail.ru, RUSRUB, 0.0] 
20:27:30.919 [Test worker] FT-start / [7, name surname Email_sur@mail.ru, RUSRUB, 0.0 diff by 15.0] 
20:27:30.920 [Test worker] FT-end / [7, name surname Email_sur@mail.ru, RUSRUB, 15.0] 
20:27:30.936 [Test worker] FT-start / [7, name surname Email_sur@mail.ru, RUSRUB, 15.0 diff by 15.0] 
20:27:30.936 [Test worker] FT-end / [7, name surname Email_sur@mail.ru, RUSRUB, 30.0] 
20:27:30.958 [Test worker] FT-start / [7, name surname Email_sur@mail.ru, RUSRUB, 30.0 diff by -10.0] 
20:27:30.958 [Test worker] FT-end / [7, name surname Email_sur@mail.ru, RUSRUB, 20.0] 
20:27:30.974 [Test worker] FT-start / [7, name surname Email_sur@mail.ru, RUSRUB, 20.0 diff by -10.0] 
20:27:30.975 [Test worker] FT-end / [7, name surname Email_sur@mail.ru, RUSRUB, 10.0] 
20:27:31.037 [Test worker] FT-start / [AccountCashRepository is empty at start, Account cash is creating with amount = 0.0] 
20:27:31.037 [Test worker] FT-end / [8, name surname Email_sur@mail.ru, RUSRUB, 0.0] 
20:27:31.098 [Test worker] FT-start / [AccountCashRepository is empty at start, Account cash is creating with amount = 0.0] 
20:27:31.099 [Test worker] FT-end / [9, name surname Email_sur@mail.ru, RUSRUB, 0.0] 
20:27:31.616 [Test worker] FT-start / [AccountCashRepository is empty at start, Account cash is creating with amount = 10150.0] 
20:27:31.617 [Test worker] FT-end / [10, name surname Email_sur@mail.ru, RUSRUB, 10150.0] 
20:27:31.639 [Test worker] FT-start / [AccountCashRepository is empty at start, Account cash is creating with amount = 20300.0] 
20:27:31.640 [Test worker] FT-end / [11, ANOTHER_name ANOTHER_surname Email_mur@mail.ru, RUSRUB, 20300.0] 
20:27:31.934 [Test worker] FT-start / [AccountCashRepository is empty at start, Account cash is creating with amount = 10150.0] 
20:27:31.935 [Test worker] FT-end / [12, name surname Email_sur@mail.ru, RUSRUB, 10150.0] 
20:27:31.969 [Test worker] FT-start / [AccountCashRepository is empty at start, Account cash is creating with amount = 20300.0] 
20:27:31.970 [Test worker] FT-end / [13, ANOTHER_name ANOTHER_surname Email_mur@mail.ru, RUSRUB, 20300.0] 
20:27:32.145 [Test worker] FT-start / [AccountCashRepository is empty at start, Account cash is creating with amount = 10150.0] 
20:27:32.146 [Test worker] FT-end / [14, name surname Email_sur@mail.ru, RUSRUB, 10150.0] 
20:27:32.169 [Test worker] FT-start / [AccountCashRepository is empty at start, Account cash is creating with amount = 20300.0] 
20:27:32.169 [Test worker] FT-end / [15, ANOTHER_name ANOTHER_surname Email_mur@mail.ru, RUSRUB, 20300.0] 
20:27:32.242 [Test worker] FT-start / [14, name surname Email_sur@mail.ru, RUSRUB, 50.0 diff by 10150.0] 
20:27:32.243 [Test worker] FT-end / [14, name surname Email_sur@mail.ru, RUSRUB, 10200.0] 
20:27:32.266 [Test worker] FT-start / [15, ANOTHER_name ANOTHER_surname Email_mur@mail.ru, RUSRUB, 100.0 diff by 20300.0] 
20:27:32.266 [Test worker] FT-end / [15, ANOTHER_name ANOTHER_surname Email_mur@mail.ru, RUSRUB, 20400.0] 
20:27:32.471 [Test worker] FT-start / [AccountCashRepository is empty at start, Account cash is creating with amount = 10150.0] 
20:27:32.471 [Test worker] FT-end / [16, name surname Email_sur@mail.ru, RUSRUB, 10150.0] 
20:27:32.486 [Test worker] FT-start / [AccountCashRepository is empty at start, Account cash is creating with amount = 20300.0] 
20:27:32.486 [Test worker] FT-end / [17, ANOTHER_name ANOTHER_surname Email_mur@mail.ru, RUSRUB, 20300.0] 
20:27:32.682 [Test worker] FT-start / [AccountCashRepository is empty at start, Account cash is creating with amount = 10150.0] 
20:27:32.682 [Test worker] FT-end / [18, name surname Email_sur@mail.ru, RUSRUB, 10150.0] 
20:27:32.702 [Test worker] FT-start / [AccountCashRepository is empty at start, Account cash is creating with amount = 20300.0] 
20:27:32.702 [Test worker] FT-end / [19, ANOTHER_name ANOTHER_surname Email_mur@mail.ru, RUSRUB, 20300.0] 
20:27:32.972 [Test worker] FT-start / [AccountCashRepository is empty at start, Account cash is creating with amount = 10150.0] 
20:27:32.972 [Test worker] FT-end / [20, name surname Email_sur@mail.ru, RUSRUB, 10150.0] 
20:27:32.987 [Test worker] FT-start / [AccountCashRepository is empty at start, Account cash is creating with amount = 20300.0] 
20:27:32.988 [Test worker] FT-end / [21, ANOTHER_name ANOTHER_surname Email_mur@mail.ru, RUSRUB, 20300.0] 
20:27:33.109 [Test worker] FT-start / [AccountCashRepository is empty at start, Account cash is creating with amount = 10150.0] 
20:27:33.110 [Test worker] FT-end / [22, name surname Email_sur@mail.ru, RUSRUB, 10150.0] 
20:27:33.124 [Test worker] FT-start / [AccountCashRepository is empty at start, Account cash is creating with amount = 20300.0] 
20:27:33.124 [Test worker] FT-end / [23, ANOTHER_name ANOTHER_surname Email_mur@mail.ru, RUSRUB, 20300.0] 
20:27:33.276 [Test worker] FT-start / [AccountCashRepository is empty at start, Account cash is creating with amount = 10150.0] 
20:27:33.277 [Test worker] FT-end / [24, name surname Email_sur@mail.ru, RUSRUB, 10150.0] 
20:27:33.291 [Test worker] FT-start / [AccountCashRepository is empty at start, Account cash is creating with amount = 20300.0] 
20:27:33.291 [Test worker] FT-end / [25, ANOTHER_name ANOTHER_surname Email_mur@mail.ru, RUSRUB, 20300.0] 
20:27:33.410 [Test worker] FT-start / [AccountCashRepository is empty at start, Account cash is creating with amount = 10150.0] 
20:27:33.411 [Test worker] FT-end / [26, name surname Email_sur@mail.ru, RUSRUB, 10150.0] 
20:27:33.426 [Test worker] FT-start / [AccountCashRepository is empty at start, Account cash is creating with amount = 20300.0] 
20:27:33.426 [Test worker] FT-end / [27, ANOTHER_name ANOTHER_surname Email_mur@mail.ru, RUSRUB, 20300.0] 
20:27:33.593 [Test worker] FT-start / [AccountCashRepository is empty at start, Account cash is creating with amount = 10150.0] 
20:27:33.593 [Test worker] FT-end / [28, name surname Email_sur@mail.ru, RUSRUB, 10150.0] 
20:27:33.604 [Test worker] FT-start / [AccountCashRepository is empty at start, Account cash is creating with amount = 20300.0] 
20:27:33.605 [Test worker] FT-end / [29, ANOTHER_name ANOTHER_surname Email_mur@mail.ru, RUSRUB, 20300.0] 
20:27:33.726 [Test worker] FT-start / [AccountCashRepository is empty at start, Account cash is creating with amount = 10150.0] 
20:27:33.726 [Test worker] FT-end / [30, name surname Email_sur@mail.ru, RUSRUB, 10150.0] 
20:27:33.737 [Test worker] FT-start / [AccountCashRepository is empty at start, Account cash is creating with amount = 20300.0] 
20:27:33.737 [Test worker] FT-end / [31, ANOTHER_name ANOTHER_surname Email_mur@mail.ru, RUSRUB, 20300.0] 
20:27:33.866 [Test worker] FT-start / [AccountCashRepository is empty at start, Account cash is creating with amount = 10150.0] 
20:27:33.866 [Test worker] FT-end / [32, name surname Email_sur@mail.ru, RUSRUB, 10150.0] 
20:27:33.876 [Test worker] FT-start / [AccountCashRepository is empty at start, Account cash is creating with amount = 20300.0] 
20:27:33.876 [Test worker] FT-end / [33, ANOTHER_name ANOTHER_surname Email_mur@mail.ru, RUSRUB, 20300.0] 
20:27:34.035 [Test worker] FT-start / [AccountCashRepository is empty at start, Account cash is creating with amount = 10150.0] 
20:27:34.035 [Test worker] FT-end / [34, name surname Email_sur@mail.ru, RUSRUB, 10150.0] 
20:27:34.049 [Test worker] FT-start / [AccountCashRepository is empty at start, Account cash is creating with amount = 20300.0] 
20:27:34.049 [Test worker] FT-end / [35, ANOTHER_name ANOTHER_surname Email_mur@mail.ru, RUSRUB, 20300.0] 
20:27:34.172 [Test worker] FT-start / [AccountCashRepository is empty at start, Account cash is creating with amount = 10150.0] 
20:27:34.173 [Test worker] FT-end / [36, name surname Email_sur@mail.ru, RUSRUB, 10150.0] 
20:27:34.184 [Test worker] FT-start / [AccountCashRepository is empty at start, Account cash is creating with amount = 20300.0] 
20:27:34.184 [Test worker] FT-end / [37, ANOTHER_name ANOTHER_surname Email_mur@mail.ru, RUSRUB, 20300.0] 
20:27:34.313 [Test worker] FT-start / [AccountCashRepository is empty at start, Account cash is creating with amount = 10150.0] 
20:27:34.313 [Test worker] FT-end / [38, name surname Email_sur@mail.ru, RUSRUB, 10150.0] 
20:27:34.323 [Test worker] FT-start / [AccountCashRepository is empty at start, Account cash is creating with amount = 20300.0] 
20:27:34.324 [Test worker] FT-end / [39, ANOTHER_name ANOTHER_surname Email_mur@mail.ru, RUSRUB, 20300.0] 
20:27:34.365 [Test worker] FT-start / [38, name surname Email_sur@mail.ru, RUSRUB, 50.0 diff by 10150.0] 
20:27:34.365 [Test worker] FT-end / [38, name surname Email_sur@mail.ru, RUSRUB, 10200.0] 
20:27:34.375 [Test worker] FT-start / [39, ANOTHER_name ANOTHER_surname Email_mur@mail.ru, RUSRUB, 100.0 diff by 20300.0] 
20:27:34.376 [Test worker] FT-end / [39, ANOTHER_name ANOTHER_surname Email_mur@mail.ru, RUSRUB, 20400.0] 
20:27:34.496 [Test worker] FT-start / [AccountCashRepository is empty at start, Account cash is creating with amount = 10150.0] 
20:27:34.497 [Test worker] FT-end / [40, name surname Email_sur@mail.ru, RUSRUB, 10150.0] 
20:27:34.506 [Test worker] FT-start / [AccountCashRepository is empty at start, Account cash is creating with amount = 20300.0] 
20:27:34.506 [Test worker] FT-end / [41, ANOTHER_name ANOTHER_surname Email_mur@mail.ru, RUSRUB, 20300.0] 
20:27:34.612 [Test worker] FT-start / [AccountCashRepository is empty at start, Account cash is creating with amount = 10150.0] 
20:27:34.613 [Test worker] FT-end / [42, name surname Email_sur@mail.ru, RUSRUB, 10150.0] 
20:27:34.624 [Test worker] FT-start / [AccountCashRepository is empty at start, Account cash is creating with amount = 20300.0] 
20:27:34.624 [Test worker] FT-end / [43, ANOTHER_name ANOTHER_surname Email_mur@mail.ru, RUSRUB, 20300.0] 
20:27:34.739 [Test worker] FT-start / [AccountCashRepository is empty at start, Account cash is creating with amount = 10150.0] 
20:27:34.740 [Test worker] FT-end / [44, name surname Email_sur@mail.ru, RUSRUB, 10150.0] 
20:27:34.755 [Test worker] FT-start / [AccountCashRepository is empty at start, Account cash is creating with amount = 20300.0] 
20:27:34.755 [Test worker] FT-end / [45, ANOTHER_name ANOTHER_surname Email_mur@mail.ru, RUSRUB, 20300.0] 
20:27:34.943 [Test worker] FT-start / [AccountCashRepository is empty at start, Account cash is creating with amount = 10150.0] 
20:27:34.943 [Test worker] FT-end / [46, name surname Email_sur@mail.ru, RUSRUB, 10150.0] 
20:27:34.954 [Test worker] FT-start / [AccountCashRepository is empty at start, Account cash is creating with amount = 20300.0] 
20:27:34.954 [Test worker] FT-end / [47, ANOTHER_name ANOTHER_surname Email_mur@mail.ru, RUSRUB, 20300.0] 
20:27:35.059 [Test worker] FT-start / [AccountCashRepository is empty at start, Account cash is creating with amount = 10150.0] 
20:27:35.059 [Test worker] FT-end / [48, name surname Email_sur@mail.ru, RUSRUB, 10150.0] 
20:27:35.069 [Test worker] FT-start / [AccountCashRepository is empty at start, Account cash is creating with amount = 20300.0] 
20:27:35.069 [Test worker] FT-end / [49, ANOTHER_name ANOTHER_surname Email_mur@mail.ru, RUSRUB, 20300.0] 
20:27:35.183 [Test worker] FT-start / [AccountCashRepository is empty at start, Account cash is creating with amount = 10150.0] 
20:27:35.183 [Test worker] FT-end / [50, name surname Email_sur@mail.ru, RUSRUB, 10150.0] 
20:27:35.193 [Test worker] FT-start / [AccountCashRepository is empty at start, Account cash is creating with amount = 20300.0] 
20:27:35.194 [Test worker] FT-end / [51, ANOTHER_name ANOTHER_surname Email_mur@mail.ru, RUSRUB, 20300.0] 
20:27:35.233 [Test worker] FT-start / [50, name surname Email_sur@mail.ru, RUSRUB, 50.0 diff by 10150.0] 
20:27:35.234 [Test worker] FT-end / [50, name surname Email_sur@mail.ru, RUSRUB, 10200.0] 
20:27:35.244 [Test worker] FT-start / [51, ANOTHER_name ANOTHER_surname Email_mur@mail.ru, RUSRUB, 100.0 diff by 20300.0] 
20:27:35.244 [Test worker] FT-end / [51, ANOTHER_name ANOTHER_surname Email_mur@mail.ru, RUSRUB, 20400.0] 
20:27:35.268 [Test worker] FT-start / [AccountCashRepository is empty at start, Account cash is creating with amount = 10150.0] 
20:27:35.268 [Test worker] FT-end / [52, THIRD_name THIRD_surname Email_tur@mail.ru, RUSRUB, 10150.0] 
20:27:35.416 [Test worker] FT-start / [AccountCashRepository is empty at start, Account cash is creating with amount = 10150.0] 
20:27:35.417 [Test worker] FT-end / [53, name surname Email_sur@mail.ru, RUSRUB, 10150.0] 
20:27:35.426 [Test worker] FT-start / [AccountCashRepository is empty at start, Account cash is creating with amount = 20300.0] 
20:27:35.427 [Test worker] FT-end / [54, ANOTHER_name ANOTHER_surname Email_mur@mail.ru, RUSRUB, 20300.0] 
